<?xml version="1.0" encoding="UTF-8"?>
<testng-results skipped="0" failed="0" ignored="0" total="1" passed="1">
  <reporter-output>
  </reporter-output>
  <suite name="Default suite" duration-ms="292890" started-at="2023-04-28T16:39:03Z" finished-at="2023-04-28T16:43:56Z">
    <groups>
    </groups>
    <test name="Default test" duration-ms="292890" started-at="2023-04-28T16:39:03Z" finished-at="2023-04-28T16:43:56Z">
      <class name="com.assesment.TestCases.TestOne">
        <test-method status="PASS" signature="setup()[pri:0, instance:com.assesment.TestCases.TestOne@20deea7f]" name="setup" is-config="true" duration-ms="5183" started-at="2023-04-28T16:39:03Z" finished-at="2023-04-28T16:39:08Z">
          <reporter-output>
          </reporter-output>
        </test-method> <!-- setup -->
        <test-method status="PASS" signature="gettingPricesOfGivenProducts()[pri:1, instance:com.assesment.TestCases.TestOne@20deea7f]" name="gettingPricesOfGivenProducts" duration-ms="286405" started-at="2023-04-28T16:39:08Z" description="Verify that can check the price of a product in Ebay and Amazon, and list the details in ascending order" finished-at="2023-04-28T16:43:55Z">
          <reporter-output>
          </reporter-output>
        </test-method> <!-- gettingPricesOfGivenProducts -->
        <test-method status="PASS" signature="tearDown()[pri:0, instance:com.assesment.TestCases.TestOne@20deea7f]" name="tearDown" is-config="true" duration-ms="1280" started-at="2023-04-28T16:43:55Z" finished-at="2023-04-28T16:43:56Z">
          <reporter-output>
          </reporter-output>
        </test-method> <!-- tearDown -->
      </class> <!-- com.assesment.TestCases.TestOne -->
    </test> <!-- Default test -->
  </suite> <!-- Default suite -->
</testng-results>
